2026-06-18T14:26:22 INFO     monitor: Bir martalik tekshirish...
2026-06-18T14:26:22 INFO     fetcher: CBU: RUB=165.30 UZS/RUB, USD=12052.05 UZS/USD
2026-06-18T14:26:22 INFO     fetcher: ✓ Agrobank (themoney): buy=None sell=180.0
2026-06-18T14:26:22 INFO     fetcher: ✓ Aloqabank (themoney): buy=95.0 sell=180.0
2026-06-18T14:26:22 INFO     fetcher: ✓ Hamkorbank (themoney): buy=147.0 sell=167.0
2026-06-18T14:26:22 INFO     fetcher: ✓ Ipoteka-bank (themoney): buy=100.0 sell=170.0
2026-06-18T14:26:22 INFO     fetcher: CBR: USD=72.75 RUB/USD
2026-06-18T14:26:59 INFO     monitor: Bir martalik tekshirish...
2026-06-18T14:26:59 INFO     fetcher: CBU: RUB=165.30 UZS/RUB, USD=12052.05 UZS/USD
2026-06-18T14:26:59 INFO     fetcher: CBR: USD=72.75 RUB/USD
2026-06-18T14:26:59 INFO     fetcher: ✓ Hamkorbank (themoney): buy=147.0 sell=167.0
2026-06-18T14:26:59 INFO     fetcher: ✓ Ipoteka-bank (themoney): buy=100.0 sell=170.0
2026-06-18T14:26:59 INFO     fetcher: ✓ Aloqabank (themoney): buy=95.0 sell=180.0
2026-06-18T14:26:59 INFO     fetcher: ✓ Agrobank (themoney): buy=None sell=180.0
2026-06-18T14:26:59 INFO     fetcher: themoney.uz: 21 bank (buy=19, sell=20)
2026-06-18T14:26:59 INFO     fetcher: Wise: RUB_UZS=164.6330
2026-06-18T14:26:59 INFO     fetcher: UniRateAPI: RUB_UZS=165.7025 (UZS/USD=12026.55, RUB/USD=72.5792)
2026-06-18T14:27:00 INFO     fetcher: KoronaPay: RUB_UZS=160.4094 (method=cash)
2026-06-18T14:27:00 INFO     fetcher: bank.uz: 19 ta bank RUB kursi olindi (buy=19, sell=19)
2026-06-18T14:27:00 INFO     fetcher: Wise: UZS_RUB=0.0061
2026-06-18T14:27:00 INFO     fetcher: ✅ Kesh yangilandi | RUB_UZS:26✓  UZS_RUB:27✓
2026-06-18T14:28:35 INFO     monitor: Monitoring daemon ishga tushdi | interval=60s | anomaly_threshold=5.0%
2026-06-18T14:28:35 INFO     monitor: Boshlang'ich ma'lumotlar olinmoqda...
2026-06-18T14:28:35 INFO     fetcher: CBU: RUB=165.30 UZS/RUB, USD=12052.05 UZS/USD
2026-06-18T14:28:35 INFO     fetcher: ✓ Hamkorbank (themoney): buy=147.0 sell=167.0
2026-06-18T14:28:35 INFO     fetcher: ✓ Ipoteka-bank (themoney): buy=100.0 sell=170.0
2026-06-18T14:28:35 INFO     fetcher: ✓ Aloqabank (themoney): buy=95.0 sell=180.0
2026-06-18T14:28:35 INFO     fetcher: themoney.uz: 21 bank (buy=19, sell=20)
2026-06-18T14:28:35 INFO     fetcher: ✓ Agrobank (themoney): buy=None sell=180.0
2026-06-18T14:28:35 INFO     fetcher: CBR: USD=72.75 RUB/USD
2026-06-18T14:28:35 INFO     fetcher: Wise: RUB_UZS=164.6330
2026-06-18T14:28:35 INFO     fetcher: KoronaPay: RUB_UZS=160.4094 (method=cash)
2026-06-18T14:28:36 INFO     fetcher: bank.uz: 19 ta bank RUB kursi olindi (buy=19, sell=19)
2026-06-18T14:28:36 INFO     fetcher: UniRateAPI: RUB_UZS=165.7025 (UZS/USD=12026.55, RUB/USD=72.5792)
2026-06-18T14:28:36 INFO     fetcher: Wise: UZS_RUB=0.0061
2026-06-18T14:28:36 INFO     fetcher: ✅ Kesh yangilandi | RUB_UZS:26✓  UZS_RUB:27✓
2026-06-18T14:28:36 INFO     monitor: Boshlang'ich kurslar olindi: {'RUB_UZS': 26, 'UZS_RUB': 27}
2026-06-18T14:28:36 INFO     monitor: ──── Monitoring tsikli: 2026-06-18T09:28:36Z ────
2026-06-18T14:28:36 INFO     fetcher: CBU: RUB=165.30 UZS/RUB, USD=12052.05 UZS/USD
2026-06-18T14:28:36 INFO     fetcher: CBR: USD=72.75 RUB/USD
2026-06-18T14:28:36 INFO     fetcher: ✓ Aloqabank (themoney): buy=95.0 sell=180.0
2026-06-18T14:28:36 INFO     fetcher: ✓ Ipoteka-bank (themoney): buy=100.0 sell=170.0
2026-06-18T14:28:36 INFO     fetcher: ✓ Agrobank (themoney): buy=None sell=180.0
2026-06-18T14:28:36 INFO     fetcher: ✓ Hamkorbank (themoney): buy=147.0 sell=167.0
2026-06-18T14:28:36 INFO     fetcher: Wise: RUB_UZS=164.6330
2026-06-18T14:28:36 INFO     fetcher: KoronaPay: RUB_UZS=160.4094 (method=cash)
2026-06-18T14:28:36 INFO     fetcher: UniRateAPI: RUB_UZS=165.7025 (UZS/USD=12026.55, RUB/USD=72.5792)
2026-06-18T14:28:37 INFO     fetcher: bank.uz: 19 ta bank RUB kursi olindi (buy=19, sell=19)
2026-06-18T14:28:37 INFO     fetcher: Wise: UZS_RUB=0.0061
2026-06-18T14:28:37 INFO     fetcher: ✅ Kesh yangilandi | RUB_UZS:26✓  UZS_RUB:27✓
2026-06-18T14:28:37 WARNING  monitor: Mavjud emas (RUB_UZS): Agrobank
2026-06-18T14:28:37 INFO     monitor: ──── Tsikl tugadi | O'zgarish: 0 | Anomaliya: 0 | SMS: 0 | TG: 0 ────
2026-06-18T14:29:37 INFO     monitor: ──── Monitoring tsikli: 2026-06-18T09:29:37Z ────
2026-06-18T14:29:37 INFO     fetcher: CBU: RUB=165.30 UZS/RUB, USD=12052.05 UZS/USD
2026-06-18T14:29:37 INFO     fetcher: CBR: USD=72.75 RUB/USD
2026-06-18T14:29:37 INFO     fetcher: ✓ Ipoteka-bank (themoney): buy=100.0 sell=170.0
2026-06-18T14:29:37 INFO     fetcher: ✓ Hamkorbank (themoney): buy=147.0 sell=167.0
2026-06-18T14:29:37 INFO     fetcher: ✓ Aloqabank (themoney): buy=95.0 sell=180.0
2026-06-18T14:29:37 INFO     fetcher: ✓ Agrobank (themoney): buy=None sell=180.0
2026-06-18T14:29:37 INFO     fetcher: Wise: RUB_UZS=164.6330
2026-06-18T14:29:37 INFO     fetcher: UniRateAPI: RUB_UZS=165.7025 (UZS/USD=12026.55, RUB/USD=72.5792)
2026-06-18T14:29:37 INFO     fetcher: KoronaPay: RUB_UZS=160.4094 (method=cash)
2026-06-18T14:29:37 INFO     fetcher: bank.uz: 19 ta bank RUB kursi olindi (buy=19, sell=19)
2026-06-18T14:29:37 INFO     fetcher: Wise: UZS_RUB=0.0061
2026-06-18T14:29:37 INFO     fetcher: ✅ Kesh yangilandi | RUB_UZS:26✓  UZS_RUB:27✓
2026-06-18T14:29:37 WARNING  monitor: Mavjud emas (RUB_UZS): Agrobank
2026-06-18T14:29:37 INFO     monitor: ──── Tsikl tugadi | O'zgarish: 0 | Anomaliya: 0 | SMS: 0 | TG: 0 ────
2026-06-18T14:30:37 INFO     monitor: ──── Monitoring tsikli: 2026-06-18T09:30:37Z ────
2026-06-18T14:30:38 INFO     fetcher: CBU: RUB=165.30 UZS/RUB, USD=12052.05 UZS/USD
2026-06-18T14:30:38 INFO     fetcher: CBR: USD=72.75 RUB/USD
2026-06-18T14:30:38 INFO     fetcher: ✓ Ipoteka-bank (themoney): buy=100.0 sell=170.0
2026-06-18T14:30:38 INFO     fetcher: ✓ Agrobank (themoney): buy=None sell=180.0
2026-06-18T14:30:38 INFO     fetcher: ✓ Hamkorbank (themoney): buy=147.0 sell=167.0
2026-06-18T14:30:38 INFO     fetcher: ✓ Aloqabank (themoney): buy=95.0 sell=180.0
2026-06-18T14:30:38 INFO     fetcher: KoronaPay: RUB_UZS=160.4094 (method=cash)
2026-06-18T14:30:38 INFO     fetcher: Wise: RUB_UZS=164.6330
2026-06-18T14:30:38 INFO     fetcher: bank.uz: 19 ta bank RUB kursi olindi (buy=19, sell=19)
2026-06-18T14:30:38 INFO     fetcher: UniRateAPI: RUB_UZS=165.7025 (UZS/USD=12026.55, RUB/USD=72.5792)
2026-06-18T14:30:38 INFO     fetcher: Wise: UZS_RUB=0.0061
2026-06-18T14:30:38 INFO     fetcher: ✅ Kesh yangilandi | RUB_UZS:26✓  UZS_RUB:27✓
2026-06-18T14:30:38 WARNING  monitor: Mavjud emas (RUB_UZS): Agrobank
2026-06-18T14:30:38 INFO     monitor: ──── Tsikl tugadi | O'zgarish: 0 | Anomaliya: 0 | SMS: 0 | TG: 0 ────
2026-06-18T14:31:38 INFO     monitor: ──── Monitoring tsikli: 2026-06-18T09:31:38Z ────
2026-06-18T14:31:39 INFO     fetcher: CBU: RUB=165.30 UZS/RUB, USD=12052.05 UZS/USD
2026-06-18T14:31:39 INFO     fetcher: CBR: USD=72.75 RUB/USD
2026-06-18T14:31:39 INFO     fetcher: ✓ Ipoteka-bank (themoney): buy=100.0 sell=170.0
2026-06-18T14:31:39 INFO     fetcher: ✓ Aloqabank (themoney): buy=95.0 sell=180.0
2026-06-18T14:31:39 INFO     fetcher: Wise: RUB_UZS=164.6330
2026-06-18T14:31:39 INFO     fetcher: ✓ Agrobank (themoney): buy=None sell=180.0
2026-06-18T14:31:39 INFO     fetcher: ✓ Hamkorbank (themoney): buy=147.0 sell=167.0
2026-06-18T14:31:39 INFO     fetcher: UniRateAPI: RUB_UZS=165.7025 (UZS/USD=12026.55, RUB/USD=72.5792)
2026-06-18T14:31:39 INFO     fetcher: KoronaPay: RUB_UZS=160.4094 (method=cash)
2026-06-18T14:31:39 INFO     fetcher: Wise: UZS_RUB=0.0061
2026-06-18T14:31:39 INFO     fetcher: bank.uz: 19 ta bank RUB kursi olindi (buy=19, sell=19)
2026-06-18T14:31:39 INFO     fetcher: ✅ Kesh yangilandi | RUB_UZS:26✓  UZS_RUB:27✓
2026-06-18T14:31:39 WARNING  monitor: Mavjud emas (RUB_UZS): Agrobank
2026-06-18T14:31:39 INFO     monitor: ──── Tsikl tugadi | O'zgarish: 0 | Anomaliya: 0 | SMS: 0 | TG: 0 ────
2026-06-18T14:32:39 INFO     monitor: ──── Monitoring tsikli: 2026-06-18T09:32:39Z ────
2026-06-18T14:32:40 INFO     fetcher: CBU: RUB=165.30 UZS/RUB, USD=12052.05 UZS/USD
2026-06-18T14:32:40 INFO     fetcher: ✓ Aloqabank (themoney): buy=95.0 sell=180.0
2026-06-18T14:32:40 INFO     fetcher: ✓ Agrobank (themoney): buy=None sell=180.0
2026-06-18T14:32:40 INFO     fetcher: ✓ Ipoteka-bank (themoney): buy=100.0 sell=170.0
2026-06-18T14:32:40 INFO     fetcher: ✓ Hamkorbank (themoney): buy=147.0 sell=167.0
2026-06-18T14:32:40 INFO     fetcher: CBR: USD=72.75 RUB/USD
2026-06-18T14:32:40 INFO     fetcher: KoronaPay: RUB_UZS=160.4094 (method=cash)
2026-06-18T14:32:40 INFO     fetcher: Wise: RUB_UZS=164.6330
2026-06-18T14:32:40 INFO     fetcher: UniRateAPI: RUB_UZS=165.7025 (UZS/USD=12026.55, RUB/USD=72.5792)
2026-06-18T14:32:40 INFO     fetcher: bank.uz: 19 ta bank RUB kursi olindi (buy=19, sell=19)
2026-06-18T14:32:40 INFO     fetcher: Wise: UZS_RUB=0.0061
2026-06-18T14:32:40 INFO     fetcher: ✅ Kesh yangilandi | RUB_UZS:26✓  UZS_RUB:27✓
2026-06-18T14:32:40 WARNING  monitor: Mavjud emas (RUB_UZS): Agrobank
2026-06-18T14:32:40 INFO     monitor: ──── Tsikl tugadi | O'zgarish: 0 | Anomaliya: 0 | SMS: 0 | TG: 0 ────
2026-06-18T14:33:40 INFO     monitor: ──── Monitoring tsikli: 2026-06-18T09:33:40Z ────
2026-06-18T14:33:40 INFO     fetcher: CBU: RUB=165.30 UZS/RUB, USD=12052.05 UZS/USD
2026-06-18T14:33:41 INFO     fetcher: CBR: USD=72.75 RUB/USD
2026-06-18T14:33:41 INFO     fetcher: Wise: RUB_UZS=164.6330
2026-06-18T14:33:41 INFO     fetcher: UniRateAPI: RUB_UZS=165.7025 (UZS/USD=12026.55, RUB/USD=72.5792)
2026-06-18T14:33:41 INFO     fetcher: ✓ Agrobank (themoney): buy=None sell=180.0
2026-06-18T14:33:41 INFO     fetcher: ✓ Ipoteka-bank (themoney): buy=100.0 sell=170.0
2026-06-18T14:33:41 INFO     fetcher: ✓ Hamkorbank (themoney): buy=147.0 sell=167.0
2026-06-18T14:33:41 INFO     fetcher: ✓ Aloqabank (themoney): buy=95.0 sell=180.0
2026-06-18T14:33:41 INFO     fetcher: KoronaPay: RUB_UZS=160.4094 (method=cash)
2026-06-18T14:33:41 INFO     fetcher: Wise: UZS_RUB=0.0061
2026-06-18T14:33:41 INFO     fetcher: bank.uz: 19 ta bank RUB kursi olindi (buy=19, sell=19)
2026-06-18T14:33:41 INFO     fetcher: ✅ Kesh yangilandi | RUB_UZS:26✓  UZS_RUB:27✓
2026-06-18T14:33:41 WARNING  monitor: Mavjud emas (RUB_UZS): Agrobank
2026-06-18T14:33:41 INFO     monitor: ──── Tsikl tugadi | O'zgarish: 0 | Anomaliya: 0 | SMS: 0 | TG: 0 ────
2026-06-18T14:34:41 INFO     monitor: ──── Monitoring tsikli: 2026-06-18T09:34:41Z ────
2026-06-18T14:34:41 INFO     fetcher: CBU: RUB=165.30 UZS/RUB, USD=12052.05 UZS/USD
2026-06-18T14:34:42 INFO     fetcher: ✓ Agrobank (themoney): buy=None sell=180.0
2026-06-18T14:34:42 INFO     fetcher: ✓ Aloqabank (themoney): buy=95.0 sell=180.0
2026-06-18T14:34:42 INFO     fetcher: ✓ Hamkorbank (themoney): buy=147.0 sell=167.0
2026-06-18T14:34:42 INFO     fetcher: CBR: USD=72.75 RUB/USD
2026-06-18T14:34:42 INFO     fetcher: ✓ Ipoteka-bank (themoney): buy=100.0 sell=170.0
2026-06-18T14:34:42 INFO     fetcher: KoronaPay: RUB_UZS=160.4094 (method=cash)
2026-06-18T14:34:42 INFO     fetcher: Wise: RUB_UZS=164.6330
2026-06-18T14:34:42 INFO     fetcher: UniRateAPI: RUB_UZS=165.7025 (UZS/USD=12026.55, RUB/USD=72.5792)
2026-06-18T14:34:42 INFO     fetcher: bank.uz: 19 ta bank RUB kursi olindi (buy=19, sell=19)
2026-06-18T14:34:42 INFO     fetcher: Wise: UZS_RUB=0.0061
2026-06-18T14:34:42 INFO     fetcher: ✅ Kesh yangilandi | RUB_UZS:26✓  UZS_RUB:27✓
2026-06-18T14:34:42 WARNING  monitor: Mavjud emas (RUB_UZS): Agrobank
2026-06-18T14:34:42 INFO     monitor: ──── Tsikl tugadi | O'zgarish: 0 | Anomaliya: 0 | SMS: 0 | TG: 0 ────
2026-06-18T14:35:42 INFO     monitor: ──── Monitoring tsikli: 2026-06-18T09:35:42Z ────
2026-06-18T14:35:42 INFO     fetcher: CBU: RUB=165.30 UZS/RUB, USD=12052.05 UZS/USD
2026-06-18T14:35:42 INFO     fetcher: ✓ Agrobank (themoney): buy=None sell=180.0
2026-06-18T14:35:42 INFO     fetcher: ✓ Hamkorbank (themoney): buy=147.0 sell=167.0
2026-06-18T14:35:42 INFO     fetcher: ✓ Aloqabank (themoney): buy=95.0 sell=180.0
2026-06-18T14:35:42 INFO     fetcher: CBR: USD=72.75 RUB/USD
2026-06-18T14:35:43 INFO     fetcher: Wise: RUB_UZS=164.6330
2026-06-18T14:35:43 INFO     fetcher: UniRateAPI: RUB_UZS=165.7025 (UZS/USD=12026.55, RUB/USD=72.5792)
2026-06-18T14:35:43 INFO     fetcher: KoronaPay: RUB_UZS=160.4094 (method=cash)
2026-06-18T14:35:43 INFO     fetcher: bank.uz: 19 ta bank RUB kursi olindi (buy=19, sell=19)
2026-06-18T14:35:43 INFO     fetcher: Wise: UZS_RUB=0.0061
2026-06-18T14:35:44 INFO     fetcher: ✓ Ipoteka-bank (themoney): buy=100.0 sell=170.0
2026-06-18T14:35:44 INFO     fetcher: ✅ Kesh yangilandi | RUB_UZS:26✓  UZS_RUB:27✓
2026-06-18T14:35:44 WARNING  monitor: Mavjud emas (RUB_UZS): Agrobank
2026-06-18T14:35:44 INFO     monitor: ──── Tsikl tugadi | O'zgarish: 0 | Anomaliya: 0 | SMS: 0 | TG: 0 ────
